have_func: checking for rb_enc_interned_str() in ruby.h... -------------------- yes

PATH=".;C:/Ruby34-x64/lib;C:\Ruby34-x64\bin;C:\Ruby34-x64\msys64\ucrt64\bin;C:\Ruby34-x64\msys64\usr\bin;C:\Python313\Scripts\;C:\Python313\;C:\WINDOWS\system32;C:\WINDOWS;C:\WINDOWS\System32\Wbem;C:\WINDOWS\System32\WindowsPowerShell\v1.0\;C:\WINDOWS\System32\OpenSSH\;C:\Program Files\Docker\Docker\resources\bin;C:\Program Files\nodejs\;C:\ProgramData\chocolatey\bin;C:\Program Files\Git\cmd;C:\Ruby34-x64\bin;C:\Users\zheng\AppData\Local\Microsoft\WindowsApps;C:\Users\zheng\AppData\Local\Programs\Microsoft VS Code\bin;C:\Users\zheng\AppData\Local\GitHubDesktop\bin;C:\Users\zheng\AppData\Roaming\npm" ASAN_OPTIONS=detect_leaks=0 "gcc -o conftest.exe -IC:/Ruby34-x64/include/ruby-3.4.0/x64-mingw-ucrt -IC:/Ruby34-x64/include/ruby-3.4.0/ruby/backward -IC:/Ruby34-x64/include/ruby-3.4.0 -I. -D_WIN32_WINNT=0x0600 -D__MINGW_USE_VC2005_COMPAT -D_FILE_OFFSET_BITS=64  -O3 -fstack-protector-strong conftest.c -L. -LC:/Ruby34-x64/lib -L. -pipe -s -fstack-protector-strong -lpthread -Wl,--no-as-needed     -lx64-ucrt-ruby340  -lshell32 -lws2_32 -liphlpapi -limagehlp -lshlwapi -lbcrypt  "
checked program was:
/* begin */
1: #include "ruby.h"
2: 
3: #include <winsock2.h>
4: #include <windows.h>
5: int main(int argc, char **argv)
6: {
7:   return !!argv[argc];
8: }
/* end */

PATH=".;C:/Ruby34-x64/lib;C:\Ruby34-x64\bin;C:\Ruby34-x64\msys64\ucrt64\bin;C:\Ruby34-x64\msys64\usr\bin;C:\Python313\Scripts\;C:\Python313\;C:\WINDOWS\system32;C:\WINDOWS;C:\WINDOWS\System32\Wbem;C:\WINDOWS\System32\WindowsPowerShell\v1.0\;C:\WINDOWS\System32\OpenSSH\;C:\Program Files\Docker\Docker\resources\bin;C:\Program Files\nodejs\;C:\ProgramData\chocolatey\bin;C:\Program Files\Git\cmd;C:\Ruby34-x64\bin;C:\Users\zheng\AppData\Local\Microsoft\WindowsApps;C:\Users\zheng\AppData\Local\Programs\Microsoft VS Code\bin;C:\Users\zheng\AppData\Local\GitHubDesktop\bin;C:\Users\zheng\AppData\Roaming\npm" ASAN_OPTIONS=detect_leaks=0 "gcc -o conftest.exe -IC:/Ruby34-x64/include/ruby-3.4.0/x64-mingw-ucrt -IC:/Ruby34-x64/include/ruby-3.4.0/ruby/backward -IC:/Ruby34-x64/include/ruby-3.4.0 -I. -D_WIN32_WINNT=0x0600 -D__MINGW_USE_VC2005_COMPAT -D_FILE_OFFSET_BITS=64  -O3 -fstack-protector-strong conftest.c -L. -LC:/Ruby34-x64/lib -L. -pipe -s -fstack-protector-strong -lpthread -Wl,--no-as-needed     -lx64-ucrt-ruby340  -lshell32 -lws2_32 -liphlpapi -limagehlp -lshlwapi -lbcrypt  "
conftest.c: In function 't':
conftest.c:18:57: error: 'rb_enc_interned_str' undeclared (first use in this function); did you mean 'rb_interned_str'?
   18 | int t(void) { void ((*volatile p)()); p = (void ((*)()))rb_enc_interned_str; return !p; }
      |                                                         ^~~~~~~~~~~~~~~~~~~
      |                                                         rb_interned_str
conftest.c:18:57: note: each undeclared identifier is reported only once for each function it appears in
checked program was:
/* begin */
 1: #include "ruby.h"
 2: 
 3: #include <winsock2.h>
 4: #include <windows.h>
 5: #include <ruby.h>
 6: 
 7: /*top*/
 8: extern int t(void);
 9: int main(int argc, char **argv)
10: {
11:   if (argc > 1000000) {
12:     int (* volatile tp)(void)=(int (*)(void))&t;
13:     printf("%d", (*tp)());
14:   }
15: 
16:   return !!argv[argc];
17: }
18: int t(void) { void ((*volatile p)()); p = (void ((*)()))rb_enc_interned_str; return !p; }
/* end */

PATH=".;C:/Ruby34-x64/lib;C:\Ruby34-x64\bin;C:\Ruby34-x64\msys64\ucrt64\bin;C:\Ruby34-x64\msys64\usr\bin;C:\Python313\Scripts\;C:\Python313\;C:\WINDOWS\system32;C:\WINDOWS;C:\WINDOWS\System32\Wbem;C:\WINDOWS\System32\WindowsPowerShell\v1.0\;C:\WINDOWS\System32\OpenSSH\;C:\Program Files\Docker\Docker\resources\bin;C:\Program Files\nodejs\;C:\ProgramData\chocolatey\bin;C:\Program Files\Git\cmd;C:\Ruby34-x64\bin;C:\Users\zheng\AppData\Local\Microsoft\WindowsApps;C:\Users\zheng\AppData\Local\Programs\Microsoft VS Code\bin;C:\Users\zheng\AppData\Local\GitHubDesktop\bin;C:\Users\zheng\AppData\Roaming\npm" ASAN_OPTIONS=detect_leaks=0 "gcc -o conftest.exe -IC:/Ruby34-x64/include/ruby-3.4.0/x64-mingw-ucrt -IC:/Ruby34-x64/include/ruby-3.4.0/ruby/backward -IC:/Ruby34-x64/include/ruby-3.4.0 -I. -D_WIN32_WINNT=0x0600 -D__MINGW_USE_VC2005_COMPAT -D_FILE_OFFSET_BITS=64  -O3 -fstack-protector-strong conftest.c -L. -LC:/Ruby34-x64/lib -L. -pipe -s -fstack-protector-strong -lpthread -Wl,--no-as-needed     -lx64-ucrt-ruby340  -lshell32 -lws2_32 -liphlpapi -limagehlp -lshlwapi -lbcrypt  "
checked program was:
/* begin */
 1: #include "ruby.h"
 2: 
 3: #include <winsock2.h>
 4: #include <windows.h>
 5: #include <ruby.h>
 6: 
 7: /*top*/
 8: extern int t(void);
 9: int main(int argc, char **argv)
10: {
11:   if (argc > 1000000) {
12:     int (* volatile tp)(void)=(int (*)(void))&t;
13:     printf("%d", (*tp)());
14:   }
15: 
16:   return !!argv[argc];
17: }
18: extern void rb_enc_interned_str();
19: int t(void) { rb_enc_interned_str(); return 0; }
/* end */

--------------------

have_func: checking for rb_hash_new_capa() in ruby.h... -------------------- yes

PATH=".;C:/Ruby34-x64/lib;C:\Ruby34-x64\bin;C:\Ruby34-x64\msys64\ucrt64\bin;C:\Ruby34-x64\msys64\usr\bin;C:\Python313\Scripts\;C:\Python313\;C:\WINDOWS\system32;C:\WINDOWS;C:\WINDOWS\System32\Wbem;C:\WINDOWS\System32\WindowsPowerShell\v1.0\;C:\WINDOWS\System32\OpenSSH\;C:\Program Files\Docker\Docker\resources\bin;C:\Program Files\nodejs\;C:\ProgramData\chocolatey\bin;C:\Program Files\Git\cmd;C:\Ruby34-x64\bin;C:\Users\zheng\AppData\Local\Microsoft\WindowsApps;C:\Users\zheng\AppData\Local\Programs\Microsoft VS Code\bin;C:\Users\zheng\AppData\Local\GitHubDesktop\bin;C:\Users\zheng\AppData\Roaming\npm" ASAN_OPTIONS=detect_leaks=0 "gcc -o conftest.exe -IC:/Ruby34-x64/include/ruby-3.4.0/x64-mingw-ucrt -IC:/Ruby34-x64/include/ruby-3.4.0/ruby/backward -IC:/Ruby34-x64/include/ruby-3.4.0 -I. -D_WIN32_WINNT=0x0600 -D__MINGW_USE_VC2005_COMPAT -D_FILE_OFFSET_BITS=64  -O3 -fstack-protector-strong conftest.c -L. -LC:/Ruby34-x64/lib -L. -pipe -s -fstack-protector-strong -lpthread -Wl,--no-as-needed     -lx64-ucrt-ruby340  -lshell32 -lws2_32 -liphlpapi -limagehlp -lshlwapi -lbcrypt  "
checked program was:
/* begin */
 1: #include "ruby.h"
 2: 
 3: #include <winsock2.h>
 4: #include <windows.h>
 5: #include <ruby.h>
 6: 
 7: /*top*/
 8: extern int t(void);
 9: int main(int argc, char **argv)
10: {
11:   if (argc > 1000000) {
12:     int (* volatile tp)(void)=(int (*)(void))&t;
13:     printf("%d", (*tp)());
14:   }
15: 
16:   return !!argv[argc];
17: }
18: int t(void) { void ((*volatile p)()); p = (void ((*)()))rb_hash_new_capa; return !p; }
/* end */

--------------------

have_func: checking for rb_hash_bulk_insert() in ruby.h... -------------------- yes

PATH=".;C:/Ruby34-x64/lib;C:\Ruby34-x64\bin;C:\Ruby34-x64\msys64\ucrt64\bin;C:\Ruby34-x64\msys64\usr\bin;C:\Python313\Scripts\;C:\Python313\;C:\WINDOWS\system32;C:\WINDOWS;C:\WINDOWS\System32\Wbem;C:\WINDOWS\System32\WindowsPowerShell\v1.0\;C:\WINDOWS\System32\OpenSSH\;C:\Program Files\Docker\Docker\resources\bin;C:\Program Files\nodejs\;C:\ProgramData\chocolatey\bin;C:\Program Files\Git\cmd;C:\Ruby34-x64\bin;C:\Users\zheng\AppData\Local\Microsoft\WindowsApps;C:\Users\zheng\AppData\Local\Programs\Microsoft VS Code\bin;C:\Users\zheng\AppData\Local\GitHubDesktop\bin;C:\Users\zheng\AppData\Roaming\npm" ASAN_OPTIONS=detect_leaks=0 "gcc -o conftest.exe -IC:/Ruby34-x64/include/ruby-3.4.0/x64-mingw-ucrt -IC:/Ruby34-x64/include/ruby-3.4.0/ruby/backward -IC:/Ruby34-x64/include/ruby-3.4.0 -I. -D_WIN32_WINNT=0x0600 -D__MINGW_USE_VC2005_COMPAT -D_FILE_OFFSET_BITS=64  -O3 -fstack-protector-strong conftest.c -L. -LC:/Ruby34-x64/lib -L. -pipe -s -fstack-protector-strong -lpthread -Wl,--no-as-needed     -lx64-ucrt-ruby340  -lshell32 -lws2_32 -liphlpapi -limagehlp -lshlwapi -lbcrypt  "
checked program was:
/* begin */
 1: #include "ruby.h"
 2: 
 3: #include <winsock2.h>
 4: #include <windows.h>
 5: #include <ruby.h>
 6: 
 7: /*top*/
 8: extern int t(void);
 9: int main(int argc, char **argv)
10: {
11:   if (argc > 1000000) {
12:     int (* volatile tp)(void)=(int (*)(void))&t;
13:     printf("%d", (*tp)());
14:   }
15: 
16:   return !!argv[argc];
17: }
18: int t(void) { void ((*volatile p)()); p = (void ((*)()))rb_hash_bulk_insert; return !p; }
/* end */

--------------------

have_func: checking for strnlen() in string.h... -------------------- yes

PATH=".;C:/Ruby34-x64/lib;C:\Ruby34-x64\bin;C:\Ruby34-x64\msys64\ucrt64\bin;C:\Ruby34-x64\msys64\usr\bin;C:\Python313\Scripts\;C:\Python313\;C:\WINDOWS\system32;C:\WINDOWS;C:\WINDOWS\System32\Wbem;C:\WINDOWS\System32\WindowsPowerShell\v1.0\;C:\WINDOWS\System32\OpenSSH\;C:\Program Files\Docker\Docker\resources\bin;C:\Program Files\nodejs\;C:\ProgramData\chocolatey\bin;C:\Program Files\Git\cmd;C:\Ruby34-x64\bin;C:\Users\zheng\AppData\Local\Microsoft\WindowsApps;C:\Users\zheng\AppData\Local\Programs\Microsoft VS Code\bin;C:\Users\zheng\AppData\Local\GitHubDesktop\bin;C:\Users\zheng\AppData\Roaming\npm" ASAN_OPTIONS=detect_leaks=0 "gcc -o conftest.exe -IC:/Ruby34-x64/include/ruby-3.4.0/x64-mingw-ucrt -IC:/Ruby34-x64/include/ruby-3.4.0/ruby/backward -IC:/Ruby34-x64/include/ruby-3.4.0 -I. -D_WIN32_WINNT=0x0600 -D__MINGW_USE_VC2005_COMPAT -D_FILE_OFFSET_BITS=64  -O3 -fstack-protector-strong conftest.c -L. -LC:/Ruby34-x64/lib -L. -pipe -s -fstack-protector-strong -lpthread -Wl,--no-as-needed     -lx64-ucrt-ruby340  -lshell32 -lws2_32 -liphlpapi -limagehlp -lshlwapi -lbcrypt  "
checked program was:
/* begin */
 1: #include "ruby.h"
 2: 
 3: #include <winsock2.h>
 4: #include <windows.h>
 5: #include <string.h>
 6: 
 7: /*top*/
 8: extern int t(void);
 9: int main(int argc, char **argv)
10: {
11:   if (argc > 1000000) {
12:     int (* volatile tp)(void)=(int (*)(void))&t;
13:     printf("%d", (*tp)());
14:   }
15: 
16:   return !!argv[argc];
17: }
18: int t(void) { void ((*volatile p)()); p = (void ((*)()))strnlen; return !p; }
/* end */

--------------------

append_cflags: checking for whether -std=c99 is accepted as CFLAGS... -------------------- no

PATH=".;C:/Ruby34-x64/lib;C:\Ruby34-x64\bin;C:\Ruby34-x64\msys64\ucrt64\bin;C:\Ruby34-x64\msys64\usr\bin;C:\Python313\Scripts\;C:\Python313\;C:\WINDOWS\system32;C:\WINDOWS;C:\WINDOWS\System32\Wbem;C:\WINDOWS\System32\WindowsPowerShell\v1.0\;C:\WINDOWS\System32\OpenSSH\;C:\Program Files\Docker\Docker\resources\bin;C:\Program Files\nodejs\;C:\ProgramData\chocolatey\bin;C:\Program Files\Git\cmd;C:\Ruby34-x64\bin;C:\Users\zheng\AppData\Local\Microsoft\WindowsApps;C:\Users\zheng\AppData\Local\Programs\Microsoft VS Code\bin;C:\Users\zheng\AppData\Local\GitHubDesktop\bin;C:\Users\zheng\AppData\Roaming\npm" ASAN_OPTIONS=detect_leaks=0 "gcc -IC:/Ruby34-x64/include/ruby-3.4.0/x64-mingw-ucrt -IC:/Ruby34-x64/include/ruby-3.4.0/ruby/backward -IC:/Ruby34-x64/include/ruby-3.4.0 -I. -D_WIN32_WINNT=0x0600 -D__MINGW_USE_VC2005_COMPAT -D_FILE_OFFSET_BITS=64  -O3 -fstack-protector-strong  -std=c99 -Werror -c conftest.c"
In file included from C:/Ruby34-x64/include/ruby-3.4.0/ruby/defines.h:74,
                 from C:/Ruby34-x64/include/ruby-3.4.0/ruby/ruby.h:25,
                 from C:/Ruby34-x64/include/ruby-3.4.0/ruby.h:38,
                 from conftest.c:1:
C:/Ruby34-x64/msys64/ucrt64/include/stralign.h: In function 'ua_CharUpperW':
C:/Ruby34-x64/include/ruby-3.4.0/ruby/backward/2/bool.h:31:15: error: 'true' undeclared (first use in this function)
   31 | # define TRUE true
      |               ^~~~
In file included from C:/Ruby34-x64/msys64/ucrt64/include/windows.h:114,
                 from C:/Ruby34-x64/msys64/ucrt64/include/winsock2.h:23,
                 from C:/Ruby34-x64/include/ruby-3.4.0/ruby/win32.h:36,
                 from C:/Ruby34-x64/include/ruby-3.4.0/ruby/internal/dosish.h:38,
                 from C:/Ruby34-x64/include/ruby-3.4.0/ruby/defines.h:78:
C:/Ruby34-x64/msys64/ucrt64/include/stralign.h:1:1: note: 'true' is defined in header '<stdbool.h>'; this is probably fixable by adding '#include <stdbool.h>'
  +++ |+#include <stdbool.h>
    1 | /**
C:/Ruby34-x64/include/ruby-3.4.0/ruby/backward/2/bool.h:31:15: note: each undeclared identifier is reported only once for each function it appears in
   31 | # define TRUE true
      |               ^~~~
C:/Ruby34-x64/msys64/ucrt64/include/stralign.h: In function 'ua_lstrcmpW':
C:/Ruby34-x64/include/ruby-3.4.0/ruby/backward/2/bool.h:31:15: error: 'true' undeclared (first use in this function)
   31 | # define TRUE true
      |               ^~~~
C:/Ruby34-x64/include/ruby-3.4.0/ruby/backward/2/bool.h:31:15: note: 'true' is defined in header '<stdbool.h>'; this is probably fixable by adding '#include <stdbool.h>'
C:/Ruby34-x64/msys64/ucrt64/include/stralign.h: In function 'ua_lstrcmpiW':
C:/Ruby34-x64/include/ruby-3.4.0/ruby/backward/2/bool.h:31:15: error: 'true' undeclared (first use in this function)
   31 | # define TRUE true
      |               ^~~~
C:/Ruby34-x64/include/ruby-3.4.0/ruby/backward/2/bool.h:31:15: note: 'true' is defined in header '<stdbool.h>'; this is probably fixable by adding '#include <stdbool.h>'
C:/Ruby34-x64/msys64/ucrt64/include/stralign.h: In function 'ua_lstrlenW':
C:/Ruby34-x64/include/ruby-3.4.0/ruby/backward/2/bool.h:31:15: error: 'true' undeclared (first use in this function)
   31 | # define TRUE true
      |               ^~~~
C:/Ruby34-x64/include/ruby-3.4.0/ruby/backward/2/bool.h:31:15: note: 'true' is defined in header '<stdbool.h>'; this is probably fixable by adding '#include <stdbool.h>'
C:/Ruby34-x64/msys64/ucrt64/include/stralign.h: In function 'ua_wcschr':
C:/Ruby34-x64/include/ruby-3.4.0/ruby/backward/2/bool.h:31:15: error: 'true' undeclared (first use in this function)
   31 | # define TRUE true
      |               ^~~~
C:/Ruby34-x64/include/ruby-3.4.0/ruby/backward/2/bool.h:31:15: note: 'true' is defined in header '<stdbool.h>'; this is probably fixable by adding '#include <stdbool.h>'
C:/Ruby34-x64/msys64/ucrt64/include/stralign.h: In function 'ua_wcsrchr':
C:/Ruby34-x64/include/ruby-3.4.0/ruby/backward/2/bool.h:31:15: error: 'true' undeclared (first use in this function)
   31 | # define TRUE true
      |               ^~~~
C:/Ruby34-x64/include/ruby-3.4.0/ruby/backward/2/bool.h:31:15: note: 'true' is defined in header '<stdbool.h>'; this is probably fixable by adding '#include <stdbool.h>'
C:/Ruby34-x64/msys64/ucrt64/include/stralign.h: In function 'ua_wcscpy':
C:/Ruby34-x64/include/ruby-3.4.0/ruby/backward/2/bool.h:31:15: error: 'true' undeclared (first use in this function)
   31 | # define TRUE true
      |               ^~~~
C:/Ruby34-x64/include/ruby-3.4.0/ruby/backward/2/bool.h:31:15: note: 'true' is defined in header '<stdbool.h>'; this is probably fixable by adding '#include <stdbool.h>'
C:/Ruby34-x64/msys64/ucrt64/include/stralign.h: In function 'ua_wcslen':
C:/Ruby34-x64/include/ruby-3.4.0/ruby/backward/2/bool.h:31:15: error: 'true' undeclared (first use in this function)
   31 | # define TRUE true
      |               ^~~~
C:/Ruby34-x64/include/ruby-3.4.0/ruby/backward/2/bool.h:31:15: note: 'true' is defined in header '<stdbool.h>'; this is probably fixable by adding '#include <stdbool.h>'
C:/Ruby34-x64/msys64/ucrt64/include/stralign.h: In function 'ua_wcsicmp':
C:/Ruby34-x64/include/ruby-3.4.0/ruby/backward/2/bool.h:31:15: error: 'true' undeclared (first use in this function)
   31 | # define TRUE true
      |               ^~~~
C:/Ruby34-x64/include/ruby-3.4.0/ruby/backward/2/bool.h:31:15: note: 'true' is defined in header '<stdbool.h>'; this is probably fixable by adding '#include <stdbool.h>'
In file included from C:/Ruby34-x64/include/ruby-3.4.0/ruby/internal/arithmetic/long.h:42,
                 from C:/Ruby34-x64/include/ruby-3.4.0/ruby/internal/arithmetic/int.h:26,
                 from C:/Ruby34-x64/include/ruby-3.4.0/ruby/internal/arithmetic/char.h:23,
                 from C:/Ruby34-x64/include/ruby-3.4.0/ruby/internal/arithmetic.h:24,
                 from C:/Ruby34-x64/include/ruby-3.4.0/ruby/ruby.h:28:
C:/Ruby34-x64/include/ruby-3.4.0/ruby/internal/special_consts.h: At top level:
C:/Ruby34-x64/include/ruby-3.4.0/ruby/internal/special_consts.h:137:15: error: unknown type name 'bool'
  137 | static inline bool
      |               ^~~~
C:/Ruby34-x64/include/ruby-3.4.0/ruby/internal/special_consts.h:31:1: note: 'bool' is defined in header '<stdbool.h>'; this is probably fixable by adding '#include <stdbool.h>'
   30 | #include "ruby/internal/attr/enum_extensibility.h"
  +++ |+#include <stdbool.h>
   31 | #include "ruby/internal/stdbool.h"
C:/Ruby34-x64/include/ruby-3.4.0/ruby/internal/special_consts.h:172:15: error: unknown type name 'bool'
  172 | static inline bool
      |               ^~~~
C:/Ruby34-x64/include/ruby-3.4.0/ruby/internal/special_consts.h:172:15: note: 'bool' is defined in header '<stdbool.h>'; this is probably fixable by adding '#include <stdbool.h>'
C:/Ruby34-x64/include/ruby-3.4.0/ruby/internal/special_consts.h:188:15: error: unknown type name 'bool'
  188 | static inline bool
      |               ^~~~
C:/Ruby34-x64/include/ruby-3.4.0/ruby/internal/special_consts.h:188:15: note: 'bool' is defined in header '<stdbool.h>'; this is probably fixable by adding '#include <stdbool.h>'
C:/Ruby34-x64/include/ruby-3.4.0/ruby/internal/special_consts.h:205:15: error: unknown type name 'bool'
  205 | static inline bool
      |               ^~~~
C:/Ruby34-x64/include/ruby-3.4.0/ruby/internal/special_consts.h:205:15: note: 'bool' is defined in header '<stdbool.h>'; this is probably fixable by adding '#include <stdbool.h>'
C:/Ruby34-x64/include/ruby-3.4.0/ruby/internal/special_consts.h:246:15: error: unknown type name 'bool'
  246 | static inline bool
      |               ^~~~
C:/Ruby34-x64/include/ruby-3.4.0/ruby/internal/special_consts.h:246:15: note: 'bool' is defined in header '<stdbool.h>'; this is probably fixable by adding '#include <stdbool.h>'
C:/Ruby34-x64/include/ruby-3.4.0/ruby/internal/special_consts.h:266:15: error: unknown type name 'bool'
  266 | static inline bool
      |               ^~~~
C:/Ruby34-x64/include/ruby-3.4.0/ruby/internal/special_consts.h:266:15: note: 'bool' is defined in header '<stdbool.h>'; this is probably fixable by adding '#include <stdbool.h>'
C:/Ruby34-x64/include/ruby-3.4.0/ruby/internal/special_consts.h:287:15: error: unknown type name 'bool'
  287 | static inline bool
      |               ^~~~
C:/Ruby34-x64/include/ruby-3.4.0/ruby/internal/special_consts.h:287:15: note: 'bool' is defined in header '<stdbool.h>'; this is probably fixable by adding '#include <stdbool.h>'
C:/Ruby34-x64/include/ruby-3.4.0/ruby/internal/special_consts.h:310:15: error: unknown type name 'bool'
  310 | static inline bool
      |               ^~~~
C:/Ruby34-x64/include/ruby-3.4.0/ruby/internal/special_consts.h:310:15: note: 'bool' is defined in header '<stdbool.h>'; this is probably fixable by adding '#include <stdbool.h>'
C:/Ruby34-x64/include/ruby-3.4.0/ruby/internal/special_consts.h:326:15: error: unknown type name 'bool'
  326 | static inline bool
      |               ^~~~
C:/Ruby34-x64/include/ruby-3.4.0/ruby/internal/special_consts.h:326:15: note: 'bool' is defined in header '<stdbool.h>'; this is probably fixable by adding '#include <stdbool.h>'
C:/Ruby34-x64/include/ruby-3.4.0/ruby/internal/arithmetic/long.h:215:15: error: unknown type name 'bool'
  215 | static inline bool
      |               ^~~~
C:/Ruby34-x64/include/ruby-3.4.0/ruby/internal/arithmetic/long.h:43:1: note: 'bool' is defined in header '<stdbool.h>'; this is probably fixable by adding '#include <stdbool.h>'
   42 | #include "ruby/internal/special_consts.h"      /* FIXNUM_FLAG */
  +++ |+#include <stdbool.h>
   43 | #include "ruby/internal/value.h"
In file included from C:/Ruby34-x64/include/ruby-3.4.0/ruby/internal/fl_type.h:38,
                 from C:/Ruby34-x64/include/ruby-3.4.0/ruby/internal/core/rstring.h:30,
                 from C:/Ruby34-x64/include/ruby-3.4.0/ruby/internal/arithmetic/char.h:29:
C:/Ruby34-x64/include/ruby-3.4.0/ruby/internal/value_type.h:203:15: error: unknown type name 'bool'
  203 | static inline bool
      |               ^~~~
C:/Ruby34-x64/include/ruby-3.4.0/ruby/internal/value_type.h:34:1: note: 'bool' is defined in header '<stdbool.h>'; this is probably fixable by adding '#include <stdbool.h>'
   33 | #include "ruby/internal/error.h"
  +++ |+#include <stdbool.h>
   34 | #include "ruby/internal/has/builtin.h"
C:/Ruby34-x64/include/ruby-3.4.0/ruby/internal/value_type.h: In function 'rb_integer_type_p':
C:/Ruby34-x64/include/ruby-3.4.0/ruby/internal/value_type.h:207:16: error: 'true' undeclared (first use in this function)
  207 |         return true;
      |                ^~~~
C:/Ruby34-x64/include/ruby-3.4.0/ruby/internal/value_type.h:207:16: note: 'true' is defined in header '<stdbool.h>'; this is probably fixable by adding '#include <stdbool.h>'
C:/Ruby34-x64/include/ruby-3.4.0/ruby/internal/value_type.h:210:16: error: 'false' undeclared (first use in this function)
  210 |         return false;
      |                ^~~~~
C:/Ruby34-x64/include/ruby-3.4.0/ruby/internal/value_type.h:210:16: note: 'false' is defined in header '<stdbool.h>'; this is probably fixable by adding '#include <stdbool.h>'
C:/Ruby34-x64/include/ruby-3.4.0/ruby/internal/value_type.h: At top level:
C:/Ruby34-x64/include/ruby-3.4.0/ruby/internal/value_type.h:263:15: error: unknown type name 'bool'
  263 | static inline bool
      |               ^~~~
C:/Ruby34-x64/include/ruby-3.4.0/ruby/internal/value_type.h:263:15: note: 'bool' is defined in header '<stdbool.h>'; this is probably fixable by adding '#include <stdbool.h>'
C:/Ruby34-x64/include/ruby-3.4.0/ruby/internal/value_type.h: In function 'RB_FLOAT_TYPE_P':
C:/Ruby34-x64/include/ruby-3.4.0/ruby/internal/value_type.h:267:16: error: 'true' undeclared (first use in this function)
  267 |         return true;
      |                ^~~~
C:/Ruby34-x64/include/ruby-3.4.0/ruby/internal/value_type.h:267:16: note: 'true' is defined in header '<stdbool.h>'; this is probably fixable by adding '#include <stdbool.h>'
C:/Ruby34-x64/include/ruby-3.4.0/ruby/internal/value_type.h:270:16: error: 'false' undeclared (first use in this function)
  270 |         return false;
      |                ^~~~~
C:/Ruby34-x64/include/ruby-3.4.0/ruby/internal/value_type.h:270:16: note: 'false' is defined in header '<stdbool.h>'; this is probably fixable by adding '#include <stdbool.h>'
C:/Ruby34-x64/include/ruby-3.4.0/ruby/internal/value_type.h: At top level:
C:/Ruby34-x64/include/ruby-3.4.0/ruby/internal/value_type.h:286:15: error: unknown type name 'bool'
  286 | static inline bool
      |               ^~~~
C:/Ruby34-x64/include/ruby-3.4.0/ruby/internal/value_type.h:286:15: note: 'bool' is defined in header '<stdbool.h>'; this is probably fixable by adding '#include <stdbool.h>'
C:/Ruby34-x64/include/ruby-3.4.0/ruby/internal/value_type.h: In function 'RB_DYNAMIC_SYM_P':
C:/Ruby34-x64/include/ruby-3.4.0/ruby/internal/value_type.h:290:16: error: 'false' undeclared (first use in this function)
  290 |         return false;
      |                ^~~~~
C:/Ruby34-x64/include/ruby-3.4.0/ruby/internal/value_type.h:290:16: note: 'false' is defined in header '<stdbool.h>'; this is probably fixable by adding '#include <stdbool.h>'
C:/Ruby34-x64/include/ruby-3.4.0/ruby/internal/value_type.h: At top level:
C:/Ruby34-x64/include/ruby-3.4.0/ruby/internal/value_type.h:306:15: error: unknown type name 'bool'
  306 | static inline bool
      |               ^~~~
C:/Ruby34-x64/include/ruby-3.4.0/ruby/internal/value_type.h:306:15: note: 'bool' is defined in header '<stdbool.h>'; this is probably fixable by adding '#include <stdbool.h>'
C:/Ruby34-x64/include/ruby-3.4.0/ruby/internal/value_type.h:325:8: error: unknown type name 'bool'
  325 | static bool
      |        ^~~~
C:/Ruby34-x64/include/ruby-3.4.0/ruby/internal/value_type.h:325:8: note: 'bool' is defined in header '<stdbool.h>'; this is probably fixable by adding '#include <stdbool.h>'
C:/Ruby34-x64/include/ruby-3.4.0/ruby/internal/value_type.h: In function 'rbimpl_RB_TYPE_P_fastpath':
C:/Ruby34-x64/include/ruby-3.4.0/ruby/internal/value_type.h:350:16: error: 'false' undeclared (first use in this function)
  350 |         return false;
      |                ^~~~~
C:/Ruby34-x64/include/ruby-3.4.0/ruby/internal/value_type.h:350:16: note: 'false' is defined in header '<stdbool.h>'; this is probably fixable by adding '#include <stdbool.h>'
C:/Ruby34-x64/include/ruby-3.4.0/ruby/internal/value_type.h:353:16: error: 'true' undeclared (first use in this function)
  353 |         return true;
      |                ^~~~
C:/Ruby34-x64/include/ruby-3.4.0/ruby/internal/value_type.h:353:16: note: 'true' is defined in header '<stdbool.h>'; this is probably fixable by adding '#include <stdbool.h>'
C:/Ruby34-x64/include/ruby-3.4.0/ruby/internal/value_type.h: At top level:
C:/Ruby34-x64/include/ruby-3.4.0/ruby/internal/value_type.h:375:15: error: unknown type name 'bool'
  375 | static inline bool
      |               ^~~~
C:/Ruby34-x64/include/ruby-3.4.0/ruby/internal/value_type.h:375:15: note: 'bool' is defined in header '<stdbool.h>'; this is probably fixable by adding '#include <stdbool.h>'
C:/Ruby34-x64/include/ruby-3.4.0/ruby/internal/value_type.h:419:15: error: unknown type name 'bool'
  419 | static inline bool rbimpl_rtypeddata_p(VALUE obj);
      |               ^~~~
C:/Ruby34-x64/include/ruby-3.4.0/ruby/internal/value_type.h:419:15: note: 'bool' is defined in header '<stdbool.h>'; this is probably fixable by adding '#include <stdbool.h>'
C:/Ruby34-x64/include/ruby-3.4.0/ruby/internal/fl_type.h:443:8: error: unknown type name 'bool'
  443 | static bool
      |        ^~~~
C:/Ruby34-x64/include/ruby-3.4.0/ruby/internal/fl_type.h:41:1: note: 'bool' is defined in header '<stdbool.h>'; this is probably fixable by adding '#include <stdbool.h>'
   40 | #include "ruby/defines.h"
  +++ |+#include <stdbool.h>
   41 | 
C:/Ruby34-x64/include/ruby-3.4.0/ruby/internal/fl_type.h: In function 'RB_FL_ABLE':
C:/Ruby34-x64/include/ruby-3.4.0/ruby/internal/fl_type.h:447:16: error: 'false' undeclared (first use in this function)
  447 |         return false;
      |                ^~~~~
C:/Ruby34-x64/include/ruby-3.4.0/ruby/internal/fl_type.h:447:16: note: 'false' is defined in header '<stdbool.h>'; this is probably fixable by adding '#include <stdbool.h>'
C:/Ruby34-x64/include/ruby-3.4.0/ruby/internal/fl_type.h:453:16: error: 'true' undeclared (first use in this function)
  453 |         return true;
      |                ^~~~
C:/Ruby34-x64/include/ruby-3.4.0/ruby/internal/fl_type.h:453:16: note: 'true' is defined in header '<stdbool.h>'; this is probably fixable by adding '#include <stdbool.h>'
C:/Ruby34-x64/include/ruby-3.4.0/ruby/internal/fl_type.h: At top level:
C:/Ruby34-x64/include/ruby-3.4.0/ruby/internal/fl_type.h:517:15: error: unknown type name 'bool'
  517 | static inline bool
      |               ^~~~
C:/Ruby34-x64/include/ruby-3.4.0/ruby/internal/fl_type.h:517:15: note: 'bool' is defined in header '<stdbool.h>'; this is probably fixable by adding '#include <stdbool.h>'
C:/Ruby34-x64/include/ruby-3.4.0/ruby/internal/fl_type.h:533:15: error: unknown type name 'bool'
  533 | static inline bool
      |               ^~~~
C:/Ruby34-x64/include/ruby-3.4.0/ruby/internal/fl_type.h:533:15: note: 'bool' is defined in header '<stdbool.h>'; this is probably fixable by adding '#include <stdbool.h>'
C:/Ruby34-x64/include/ruby-3.4.0/ruby/internal/fl_type.h:551:15: error: unknown type name 'bool'
  551 | static inline bool
      |               ^~~~
C:/Ruby34-x64/include/ruby-3.4.0/ruby/internal/fl_type.h:551:15: note: 'bool' is defined in header '<stdbool.h>'; this is probably fixable by adding '#include <stdbool.h>'
C:/Ruby34-x64/include/ruby-3.4.0/ruby/internal/fl_type.h:567:15: error: unknown type name 'bool'
  567 | static inline bool
      |               ^~~~
C:/Ruby34-x64/include/ruby-3.4.0/ruby/internal/fl_type.h:567:15: note: 'bool' is defined in header '<stdbool.h>'; this is probably fixable by adding '#include <stdbool.h>'
C:/Ruby34-x64/include/ruby-3.4.0/ruby/internal/fl_type.h:755:15: error: unknown type name 'bool'
  755 | static inline bool
      |               ^~~~
C:/Ruby34-x64/include/ruby-3.4.0/ruby/internal/fl_type.h:755:15: note: 'bool' is defined in header '<stdbool.h>'; this is probably fixable by adding '#include <stdbool.h>'
C:/Ruby34-x64/include/ruby-3.4.0/ruby/internal/fl_type.h: In function 'RB_OBJ_TAINTABLE':
C:/Ruby34-x64/include/ruby-3.4.0/ruby/internal/fl_type.h:759:12: error: 'false' undeclared (first use in this function)
  759 |     return false;
      |            ^~~~~
C:/Ruby34-x64/include/ruby-3.4.0/ruby/internal/fl_type.h:759:12: note: 'false' is defined in header '<stdbool.h>'; this is probably fixable by adding '#include <stdbool.h>'
C:/Ruby34-x64/include/ruby-3.4.0/ruby/internal/fl_type.h: In function 'RB_OBJ_TAINTED_RAW':
C:/Ruby34-x64/include/ruby-3.4.0/ruby/internal/fl_type.h:777:12: error: 'false' undeclared (first use in this function)
  777 |     return false;
      |            ^~~~~
C:/Ruby34-x64/include/ruby-3.4.0/ruby/internal/fl_type.h:777:12: note: 'false' is defined in header '<stdbool.h>'; this is probably fixable by adding '#include <stdbool.h>'
C:/Ruby34-x64/include/ruby-3.4.0/ruby/internal/fl_type.h: At top level:
C:/Ruby34-x64/include/ruby-3.4.0/ruby/internal/fl_type.h:791:15: error: unknown type name 'bool'
  791 | static inline bool
      |               ^~~~
C:/Ruby34-x64/include/ruby-3.4.0/ruby/internal/fl_type.h:791:15: note: 'bool' is defined in header '<stdbool.h>'; this is probably fixable by adding '#include <stdbool.h>'
C:/Ruby34-x64/include/ruby-3.4.0/ruby/internal/fl_type.h: In function 'RB_OBJ_TAINTED':
C:/Ruby34-x64/include/ruby-3.4.0/ruby/internal/fl_type.h:795:12: error: 'false' undeclared (first use in this function)
  795 |     return false;
      |            ^~~~~
C:/Ruby34-x64/include/ruby-3.4.0/ruby/internal/fl_type.h:795:12: note: 'false' is defined in header '<stdbool.h>'; this is probably fixable by adding '#include <stdbool.h>'
C:/Ruby34-x64/include/ruby-3.4.0/ruby/internal/fl_type.h: At top level:
C:/Ruby34-x64/include/ruby-3.4.0/ruby/internal/fl_type.h:897:15: error: unknown type name 'bool'
  897 | static inline bool
      |               ^~~~
C:/Ruby34-x64/include/ruby-3.4.0/ruby/internal/fl_type.h:897:15: note: 'bool' is defined in header '<stdbool.h>'; this is probably fixable by adding '#include <stdbool.h>'
C:/Ruby34-x64/include/ruby-3.4.0/ruby/internal/fl_type.h: In function 'RB_OBJ_FROZEN':
C:/Ruby34-x64/include/ruby-3.4.0/ruby/internal/fl_type.h:901:16: error: 'true' undeclared (first use in this function)
  901 |         return true;
      |                ^~~~
C:/Ruby34-x64/include/ruby-3.4.0/ruby/internal/fl_type.h:901:16: note: 'true' is defined in header '<stdbool.h>'; this is probably fixable by adding '#include <stdbool.h>'
In file included from C:/Ruby34-x64/include/ruby-3.4.0/ruby/internal/core/rarray.h:32,
                 from C:/Ruby34-x64/include/ruby-3.4.0/ruby/internal/core.h:23,
                 from C:/Ruby34-x64/include/ruby-3.4.0/ruby/ruby.h:29:
C:/Ruby34-x64/include/ruby-3.4.0/ruby/internal/gc.h: At top level:
C:/Ruby34-x64/include/ruby-3.4.0/ruby/internal/gc.h:705:15: error: unknown type name 'bool'
  705 | static inline bool
      |               ^~~~
C:/Ruby34-x64/include/ruby-3.4.0/ruby/internal/gc.h:27:1: note: 'bool' is defined in header '<stdbool.h>'; this is probably fixable by adding '#include <stdbool.h>'
   26 | # include <stddef.h>                       /* size_t */
  +++ |+#include <stdbool.h>
   27 | #endif
C:/Ruby34-x64/include/ruby-3.4.0/ruby/internal/gc.h:725:15: error: unknown type name 'bool'
  725 | static inline bool
      |               ^~~~
C:/Ruby34-x64/include/ruby-3.4.0/ruby/internal/gc.h:725:15: note: 'bool' is defined in header '<stdbool.h>'; this is probably fixable by adding '#include <stdbool.h>'
C:/Ruby34-x64/include/ruby-3.4.0/ruby/internal/gc.h: In function 'RB_OBJ_PROMOTED':
C:/Ruby34-x64/include/ruby-3.4.0/ruby/internal/gc.h:729:16: error: 'false' undeclared (first use in this function)
  729 |         return false;
      |                ^~~~~
C:/Ruby34-x64/include/ruby-3.4.0/ruby/internal/gc.h:729:16: note: 'false' is defined in header '<stdbool.h>'; this is probably fixable by adding '#include <stdbool.h>'
In file included from C:/Ruby34-x64/include/ruby-3.4.0/ruby/internal/core.h:25:
C:/Ruby34-x64/include/ruby-3.4.0/ruby/internal/core/rbignum.h: At top level:
C:/Ruby34-x64/include/ruby-3.4.0/ruby/internal/core/rbignum.h:60:15: error: unknown type name 'bool'
   60 | static inline bool
      |               ^~~~
C:/Ruby34-x64/include/ruby-3.4.0/ruby/internal/core/rbignum.h:1:1: note: 'bool' is defined in header '<stdbool.h>'; this is probably fixable by adding '#include <stdbool.h>'
  +++ |+#include <stdbool.h>
    1 | #ifndef RBIMPL_RBIGNUM_H                             /*-*-C++-*-vi:se ft=cpp:*/
C:/Ruby34-x64/include/ruby-3.4.0/ruby/internal/core/rbignum.h:73:15: error: unknown type name 'bool'
   73 | static inline bool
      |               ^~~~
C:/Ruby34-x64/include/ruby-3.4.0/ruby/internal/core/rbignum.h:73:15: note: 'bool' is defined in header '<stdbool.h>'; this is probably fixable by adding '#include <stdbool.h>'
In file included from C:/Ruby34-x64/include/ruby-3.4.0/ruby/internal/core.h:34:
C:/Ruby34-x64/include/ruby-3.4.0/ruby/internal/core/rtypeddata.h:518:15: error: unknown type name 'bool'
  518 | static inline bool
      |               ^~~~
C:/Ruby34-x64/include/ruby-3.4.0/ruby/internal/core/rtypeddata.h:27:1: note: 'bool' is defined in header '<stdbool.h>'; this is probably fixable by adding '#include <stdbool.h>'
   26 | # include <stddef.h>
  +++ |+#include <stdbool.h>
   27 | #endif
C:/Ruby34-x64/include/ruby-3.4.0/ruby/internal/core/rtypeddata.h:561:15: error: unknown type name 'bool'
  561 | static inline bool
      |               ^~~~
C:/Ruby34-x64/include/ruby-3.4.0/ruby/internal/core/rtypeddata.h:561:15: note: 'bool' is defined in header '<stdbool.h>'; this is probably fixable by adding '#include <stdbool.h>'
C:/Ruby34-x64/include/ruby-3.4.0/ruby/internal/core/rtypeddata.h:578:15: error: unknown type name 'bool'
  578 | static inline bool
      |               ^~~~
C:/Ruby34-x64/include/ruby-3.4.0/ruby/internal/core/rtypeddata.h:578:15: note: 'bool' is defined in header '<stdbool.h>'; this is probably fixable by adding '#include <stdbool.h>'
In file included from C:/Ruby34-x64/include/ruby-3.4.0/ruby/ruby.h:42:
C:/Ruby34-x64/include/ruby-3.4.0/ruby/internal/memory.h:420:5: error: unknown type name 'bool'
  420 |     bool left;                  /**< Whether overflow happened or not. */
      |     ^~~~
C:/Ruby34-x64/include/ruby-3.4.0/ruby/internal/memory.h:65:1: note: 'bool' is defined in header '<stdbool.h>'; this is probably fixable by adding '#include <stdbool.h>'
   64 | #include "ruby/internal/stdckdint.h"
  +++ |+#include <stdbool.h>
   65 | #include "ruby/internal/xmalloc.h"
C:/Ruby34-x64/include/ruby-3.4.0/ruby/internal/memory.h: In function 'rbimpl_size_mul_overflow':
C:/Ruby34-x64/include/ruby-3.4.0/ruby/internal/memory.h:574:49: error: 'false' undeclared (first use in this function)
  574 |     struct rbimpl_size_mul_overflow_tag ret = { false,  0, };
      |                                                 ^~~~~
C:/Ruby34-x64/include/ruby-3.4.0/ruby/internal/memory.h:574:49: note: 'false' is defined in header '<stdbool.h>'; this is probably fixable by adding '#include <stdbool.h>'
In file included from C:/Ruby34-x64/include/ruby-3.4.0/ruby/ruby.h:46:
C:/Ruby34-x64/include/ruby-3.4.0/ruby/internal/scan_args.h: At top level:
C:/Ruby34-x64/include/ruby-3.4.0/ruby/internal/scan_args.h:252:15: error: unknown type name 'bool'
  252 | static inline bool
      |               ^~~~
C:/Ruby34-x64/include/ruby-3.4.0/ruby/internal/scan_args.h:39:1: note: 'bool' is defined in header '<stdbool.h>'; this is probably fixable by adding '#include <stdbool.h>'
   38 | #include "ruby/internal/intern/proc.h"  /* rb_block_proc */
  +++ |+#include <stdbool.h>
   39 | #include "ruby/internal/iterator.h"     /* rb_block_given_p / rb_keyword_given_p */
C:/Ruby34-x64/include/ruby-3.4.0/ruby/internal/scan_args.h: In function 'rb_scan_args_keyword_p':
C:/Ruby34-x64/include/ruby-3.4.0/ruby/internal/scan_args.h:259:16: error: 'true' undeclared (first use in this function)
  259 |         return true;
      |                ^~~~
C:/Ruby34-x64/include/ruby-3.4.0/ruby/internal/scan_args.h:259:16: note: 'true' is defined in header '<stdbool.h>'; this is probably fixable by adding '#include <stdbool.h>'
C:/Ruby34-x64/include/ruby-3.4.0/ruby/internal/scan_args.h:263:16: error: 'false' undeclared (first use in this function)
  263 |         return false;
      |                ^~~~~
C:/Ruby34-x64/include/ruby-3.4.0/ruby/internal/scan_args.h:263:16: note: 'false' is defined in header '<stdbool.h>'; this is probably fixable by adding '#include <stdbool.h>'
C:/Ruby34-x64/include/ruby-3.4.0/ruby/internal/scan_args.h: At top level:
C:/Ruby34-x64/include/ruby-3.4.0/ruby/internal/scan_args.h:268:8: error: unknown type name 'bool'
  268 | static bool
      |        ^~~~
C:/Ruby34-x64/include/ruby-3.4.0/ruby/internal/scan_args.h:268:8: note: 'bool' is defined in header '<stdbool.h>'; this is probably fixable by adding '#include <stdbool.h>'
C:/Ruby34-x64/include/ruby-3.4.0/ruby/internal/scan_args.h:282:8: error: unknown type name 'bool'
  282 | static bool
      |        ^~~~
C:/Ruby34-x64/include/ruby-3.4.0/ruby/internal/scan_args.h:282:8: note: 'bool' is defined in header '<stdbool.h>'; this is probably fixable by adding '#include <stdbool.h>'
C:/Ruby34-x64/include/ruby-3.4.0/ruby/internal/scan_args.h:303:8: error: unknown type name 'bool'
  303 | static bool
      |        ^~~~
C:/Ruby34-x64/include/ruby-3.4.0/ruby/internal/scan_args.h:303:8: note: 'bool' is defined in header '<stdbool.h>'; this is probably fixable by adding '#include <stdbool.h>'
C:/Ruby34-x64/include/ruby-3.4.0/ruby/internal/scan_args.h:334:8: error: unknown type name 'bool'
  334 | static bool
      |        ^~~~
C:/Ruby34-x64/include/ruby-3.4.0/ruby/internal/scan_args.h:334:8: note: 'bool' is defined in header '<stdbool.h>'; this is probably fixable by adding '#include <stdbool.h>'
C:/Ruby34-x64/include/ruby-3.4.0/ruby/internal/scan_args.h:349:8: error: unknown type name 'bool'
  349 | static bool
      |        ^~~~
C:/Ruby34-x64/include/ruby-3.4.0/ruby/internal/scan_args.h:349:8: note: 'bool' is defined in header '<stdbool.h>'; this is probably fixable by adding '#include <stdbool.h>'
C:/Ruby34-x64/include/ruby-3.4.0/ruby/internal/scan_args.h:390:18: error: unknown type name 'bool'
  390 |                  bool f_var, bool f_hash, bool f_block,
      |                  ^~~~
C:/Ruby34-x64/include/ruby-3.4.0/ruby/internal/scan_args.h:390:18: note: 'bool' is defined in header '<stdbool.h>'; this is probably fixable by adding '#include <stdbool.h>'
C:/Ruby34-x64/include/ruby-3.4.0/ruby/internal/scan_args.h:390:30: error: unknown type name 'bool'
  390 |                  bool f_var, bool f_hash, bool f_block,
      |                              ^~~~
C:/Ruby34-x64/include/ruby-3.4.0/ruby/internal/scan_args.h:390:30: note: 'bool' is defined in header '<stdbool.h>'; this is probably fixable by adding '#include <stdbool.h>'
C:/Ruby34-x64/include/ruby-3.4.0/ruby/internal/scan_args.h:390:43: error: unknown type name 'bool'
  390 |                  bool f_var, bool f_hash, bool f_block,
      |                                           ^~~~
C:/Ruby34-x64/include/ruby-3.4.0/ruby/internal/scan_args.h:390:43: note: 'bool' is defined in header '<stdbool.h>'; this is probably fixable by adding '#include <stdbool.h>'
In file included from C:/Ruby34-x64/include/ruby-3.4.0/ruby/intern.h:41,
                 from C:/Ruby34-x64/include/ruby-3.4.0/ruby/ruby.h:194:
C:/Ruby34-x64/include/ruby-3.4.0/ruby/internal/intern/load.h:234:25: error: unknown type name 'bool'
  234 | void rb_ext_ractor_safe(bool flag);
      |                         ^~~~
C:/Ruby34-x64/include/ruby-3.4.0/ruby/internal/intern/load.h:1:1: note: 'bool' is defined in header '<stdbool.h>'; this is probably fixable by adding '#include <stdbool.h>'
  +++ |+#include <stdbool.h>
    1 | #ifndef  RBIMPL_INTERN_LOAD_H                        /*-*-C++-*-vi:se ft=cpp:*/
checked program was:
/* begin */
1: #include "ruby.h"
2: 
3: #include <winsock2.h>
4: #include <windows.h>
5: int main(int argc, char **argv)
6: {
7:   return !!argv[argc];
8: }
/* end */

--------------------

